Start testing: Aug 12 16:54 Hora de verano romance
----------------------------------------------------------
1/3 Testing: trinity_exhaustive
1/3 Test: trinity_exhaustive
Command: "C:/Users/p_m_a/Aurora/Modelo Aurora/build-gcc-new/aurora_tests.exe"
Directory: C:/Users/p_m_a/Aurora/Modelo Aurora/build-gcc-new
"trinity_exhaustive" start time: Aug 12 16:54 Hora de verano romance
Output:
----------------------------------------------------------
Aurora core: 23902 comprobaciones superadas (ciclo completo + persistencia y recuperación).
<end of output>
Test time =   1.99 sec
----------------------------------------------------------
Test Passed.
"trinity_exhaustive" end time: Aug 12 16:54 Hora de verano romance
"trinity_exhaustive" time elapsed: 00:00:01
----------------------------------------------------------

2/3 Testing: genesis_random_origin
2/3 Test: genesis_random_origin
Command: "C:/Users/p_m_a/Aurora/Modelo Aurora/build-gcc-new/genesis_tests.exe"
Directory: C:/Users/p_m_a/Aurora/Modelo Aurora/build-gcc-new
"genesis_random_origin" start time: Aug 12 16:54 Hora de verano romance
Output:
----------------------------------------------------------
Genesis G-R: 32908 comprobaciones, 256 tokens, 0 colisiones.
<end of output>
Test time =   1.15 sec
----------------------------------------------------------
Test Passed.
"genesis_random_origin" end time: Aug 12 16:54 Hora de verano romance
"genesis_random_origin" time elapsed: 00:00:01
----------------------------------------------------------

3/3 Testing: genesis_education
3/3 Test: genesis_education
Command: "C:/Users/p_m_a/Aurora/Modelo Aurora/build-gcc-new/genesis_education_tests.exe"
Directory: C:/Users/p_m_a/Aurora/Modelo Aurora/build-gcc-new
"genesis_education" start time: Aug 12 16:54 Hora de verano romance
Output:
----------------------------------------------------------
Genesis Education: explanation, usage, snapshot OK.
<end of output>
Test time =   0.22 sec
----------------------------------------------------------
Test Passed.
"genesis_education" end time: Aug 12 16:54 Hora de verano romance
"genesis_education" time elapsed: 00:00:00
----------------------------------------------------------

End testing: Aug 12 16:54 Hora de verano romance
